<?xml version="1.0" encoding="UTF-8"?>
<!-- Generated by org.testng.reporters.JUnitReportReporter -->
<testsuite hostname="MREMF0CF5310" failures="0" tests="1" name="packageOne.Class2" time="42.640" errors="0" timestamp="2024-02-09T13:28:19 CET" skipped="0">
  <testcase classname="packageOne.Class2" name="method2" time="42.640"/>
  <system-out/>
</testsuite> <!-- packageOne.Class2 -->
