<?xml version="1.0" encoding="UTF-8"?>
<!-- Generated by org.testng.reporters.JUnitReportReporter -->
<testsuite hostname="MREMF0CF5310" failures="0" tests="5" name="packagetwo.Dataprovider_Testng" time="0.015" errors="0" timestamp="2024-02-21T11:35:31 CET" skipped="0">
  <testcase classname="packagetwo.Dataprovider_Testng" name="method1_for_addition" time="0.000"/>
  <system-out/>
  <testcase classname="packagetwo.Dataprovider_Testng" name="method1_for_addition" time="0.011"/>
  <system-out/>
  <testcase classname="packagetwo.Dataprovider_Testng" name="method1_for_addition" time="0.001"/>
  <system-out/>
  <testcase classname="packagetwo.Dataprovider_Testng" name="method1_for_addition" time="0.001"/>
  <system-out/>
  <testcase classname="packagetwo.Dataprovider_Testng" name="method1_for_addition" time="0.002"/>
  <system-out/>
</testsuite> <!-- packagetwo.Dataprovider_Testng -->
