<?xml version="1.0" encoding="UTF-8"?>
<!-- Generated by org.testng.reporters.JUnitReportReporter -->
<testsuite hostname="MREMF0CF5310" failures="0" tests="1" name="packagetwo.Dataprovider_testng3" time="0.010" errors="0" timestamp="2024-02-21T12:03:54 CET" skipped="0">
  <testcase classname="packagetwo.Dataprovider_testng3" name="method1" time="0.010"/>
  <system-out/>
</testsuite> <!-- packagetwo.Dataprovider_testng3 -->
