<?xml version="1.0" encoding="UTF-8"?>
<!-- Generated by org.testng.reporters.JUnitReportReporter -->
<testsuite hostname="MREMF0CF5310" failures="0" tests="1" name="packagetwo.Class_assertion" time="58.280" errors="0" timestamp="2024-02-23T15:58:48 CET" skipped="0">
  <testcase classname="packagetwo.Class_assertion" name="testmethod" time="58.280"/>
  <system-out/>
</testsuite> <!-- packagetwo.Class_assertion -->
