<?xml version="1.0" encoding="UTF-8"?>
<!-- Generated by org.testng.reporters.JUnitReportReporter -->
<testsuite hostname="MREMF0CF5310" failures="0" tests="2" name="packageOne.Two_test" time="0.016" errors="0" timestamp="2024-02-09T14:07:05 CET" skipped="0">
  <testcase classname="packageOne.Two_test" name="xyz" time="0.006"/>
  <system-out/>
  <testcase classname="packageOne.Two_test" name="samlee" time="0.010"/>
  <system-out/>
</testsuite> <!-- packageOne.Two_test -->
