<?xml version="1.0" encoding="UTF-8"?>
<!-- Generated by org.testng.reporters.JUnitReportReporter -->
<testsuite hostname="MREMF0CF5310" failures="0" tests="1" name="packageOne.Annontations_assignment" time="0.009" errors="0" timestamp="2024-02-09T14:00:18 CET" skipped="0">
  <testcase classname="packageOne.Annontations_assignment" name="te" time="0.009"/>
  <system-out/>
</testsuite> <!-- packageOne.Annontations_assignment -->
