<?xml version="1.0" encoding="UTF-8"?>
<!-- Generated by org.testng.reporters.JUnitReportReporter -->
<testsuite hostname="MREMF0CF5310" failures="0" tests="3" name="packagetwo.Parallel_testing" time="59.381" errors="0" timestamp="2024-02-14T21:51:31 CET" skipped="0">
  <testcase classname="packagetwo.Parallel_testing" name="launching_browser" time="24.950"/>
  <system-out/>
  <testcase classname="packagetwo.Parallel_testing" name="launching_browser" time="29.584"/>
  <system-out/>
  <testcase classname="packagetwo.Parallel_testing" name="launching_browser" time="4.847"/>
  <system-out/>
</testsuite> <!-- packagetwo.Parallel_testing -->
