<?xml version="1.0" encoding="UTF-8"?>
<!-- Generated by org.testng.reporters.JUnitReportReporter -->
<testsuite hostname="MREMF0CF5310" failures="0" tests="2" name="packagetwo.Dataprovider_testng2" time="0.012" errors="0" timestamp="2024-02-21T11:50:18 CET" skipped="0">
  <testcase classname="packagetwo.Dataprovider_testng2" name="method1" time="0.010"/>
  <system-out/>
  <testcase classname="packagetwo.Dataprovider_testng2" name="method1" time="0.002"/>
  <system-out/>
</testsuite> <!-- packagetwo.Dataprovider_testng2 -->
