<?xml version="1.0" encoding="UTF-8"?>
<!-- Generated by org.testng.reporters.JUnitReportReporter -->
<testsuite hostname="MREMF0CF5310" failures="0" tests="14" name="packageOne.Invocation_count_program2" time="0.056" errors="0" timestamp="2024-02-12T15:36:11 CET" skipped="0">
  <testcase classname="packageOne.Invocation_count_program2" name="vcas1" time="0.007"/>
  <system-out/>
  <testcase classname="packageOne.Invocation_count_program2" name="vcas1" time="0.008"/>
  <system-out/>
  <testcase classname="packageOne.Invocation_count_program2" name="vcas1" time="0.002"/>
  <system-out/>
  <testcase classname="packageOne.Invocation_count_program2" name="vcas1" time="0.003"/>
  <system-out/>
  <testcase classname="packageOne.Invocation_count_program2" name="vcas2" time="0.001"/>
  <system-out/>
  <testcase classname="packageOne.Invocation_count_program2" name="vcas1" time="0.013"/>
  <system-out/>
  <testcase classname="packageOne.Invocation_count_program2" name="vcas1" time="0.002"/>
  <system-out/>
  <testcase classname="packageOne.Invocation_count_program2" name="vcas1" time="0.003"/>
  <system-out/>
  <testcase classname="packageOne.Invocation_count_program2" name="vcas4" time="0.001"/>
  <system-out/>
  <testcase classname="packageOne.Invocation_count_program2" name="vcas1" time="0.002"/>
  <system-out/>
  <testcase classname="packageOne.Invocation_count_program2" name="vcas1" time="0.002"/>
  <system-out/>
  <testcase classname="packageOne.Invocation_count_program2" name="vcas3" time="0.003"/>
  <system-out/>
  <testcase classname="packageOne.Invocation_count_program2" name="vcas1" time="0.005"/>
  <system-out/>
  <testcase classname="packageOne.Invocation_count_program2" name="vcas1" time="0.004"/>
  <system-out/>
</testsuite> <!-- packageOne.Invocation_count_program2 -->
