<?xml version="1.0" encoding="UTF-8"?>
<!-- Generated by org.testng.reporters.JUnitReportReporter -->
<testsuite hostname="MREMF0CF5310" failures="0" tests="2" name="packageOne.Annotation_program2" time="0.019" errors="0" timestamp="2024-02-09T14:29:24 CET" skipped="0">
  <testcase classname="packageOne.Annotation_program2" name="te" time="0.006"/>
  <system-out/>
  <testcase classname="packageOne.Annotation_program2" name="abc" time="0.013"/>
  <system-out/>
</testsuite> <!-- packageOne.Annotation_program2 -->
