<?xml version="1.0" encoding="UTF-8"?>
<!-- Generated by org.testng.reporters.JUnitReportReporter -->
<testsuite hostname="MREMF0CF5310" failures="0" tests="2" name="packagetwo.Dataprovider_2parameter" time="46.943" errors="0" timestamp="2024-02-23T13:26:09 CET" skipped="0">
  <testcase classname="packagetwo.Dataprovider_2parameter" name="login_to_facebook" time="25.040"/>
  <system-out/>
  <testcase classname="packagetwo.Dataprovider_2parameter" name="login_to_facebook" time="21.903"/>
  <system-out/>
</testsuite> <!-- packagetwo.Dataprovider_2parameter -->
