<?xml version="1.0" encoding="UTF-8"?>
<!-- Generated by org.testng.reporters.JUnitReportReporter -->
<testsuite hostname="MREMF0CF5310" failures="0" tests="2" name="packageOne.Test_one" time="0.016" errors="0" timestamp="2024-02-09T17:08:05 CET" skipped="1">
  <testcase classname="packageOne.Test_one" name="meyhod1" time="0.016"/>
  <system-out/>
  <testcase classname="packageOne.Test_one" name="meyhod2">
    <skipped/>
  </testcase> <!-- meyhod2 -->
  <system-out/>
</testsuite> <!-- packageOne.Test_one -->
