<?xml version="1.0" encoding="UTF-8"?>
<!-- Generated by org.testng.reporters.JUnitReportReporter -->
<testsuite hostname="MREMF0CF5310" failures="0" tests="1" name="packagetwo.Class_assertion2" time="47.556" errors="0" timestamp="2024-02-23T17:09:01 CET" skipped="0">
  <testcase classname="packagetwo.Class_assertion2" name="testmethod" time="47.556"/>
  <system-out/>
</testsuite> <!-- packagetwo.Class_assertion2 -->
