<?xml version="1.0" encoding="UTF-8"?>
<!-- Generated by org.testng.reporters.JUnitReportReporter -->
<testsuite hostname="MREMF0CF5310" failures="0" tests="1" name="packageOne.Annotations" time="0.011" errors="0" timestamp="2024-02-09T13:58:56 CET" skipped="0">
  <testcase classname="packageOne.Annotations" name="te" time="0.011"/>
  <system-out/>
</testsuite> <!-- packageOne.Annotations -->
