<?xml version="1.0" encoding="UTF-8"?>
<!-- Generated by org.testng.reporters.JUnitReportReporter -->
<testsuite hostname="MREMF0CF5310" failures="0" tests="1" name="packagetwo.Testcase5" time="0.002" errors="0" timestamp="2024-02-14T22:04:52 CET" skipped="0">
  <testcase classname="packagetwo.Testcase5" name="login_search_logout" time="0.002"/>
  <system-out/>
</testsuite> <!-- packagetwo.Testcase5 -->
