<?xml version="1.0" encoding="UTF-8"?>
<!-- Generated by org.testng.reporters.JUnitReportReporter -->
<testsuite hostname="MREMF0CF5310" failures="0" tests="1" name="packageOne.First_program" time="0.012" errors="0" timestamp="2024-02-08T16:40:59 CET" skipped="0">
  <testcase classname="packageOne.First_program" name="method" time="0.012"/>
  <system-out/>
</testsuite> <!-- packageOne.First_program -->
