<?xml version="1.0" encoding="UTF-8"?>
<!-- Generated by org.testng.reporters.JUnitReportReporter -->
<testsuite hostname="MREMF0CF5310" failures="0" tests="2" name="packagetwo.Grouping_testcases" time="0.016" errors="0" timestamp="2024-02-21T10:27:37 CET" skipped="0">
  <testcase classname="packagetwo.Grouping_testcases" name="add" time="0.014"/>
  <system-out/>
  <testcase classname="packagetwo.Grouping_testcases" name="sub" time="0.002"/>
  <system-out/>
</testsuite> <!-- packagetwo.Grouping_testcases -->
